Handling lib "pwm"...
Handling lib "bt-common"...
Handling lib "wifi"...
The --lib flag was not given for it, checking repository
The --lib flag was not given for it, checking repository
Repository "/home/shivesh/Desktop/mansaa/area51/lib_mos/deps/pwm" does not exist, cloning...

The --lib flag was not given for it, checking repository
Repository "/home/shivesh/Desktop/mansaa/area51/lib_mos/deps/wifi" does not exist, cloning...

Repository "/home/shivesh/Desktop/mansaa/area51/lib_mos/deps/bt-common" does not exist, cloning...

Hash is updated: "" -> "13713bea3ced211e90fa6b1c438883ab5835cdef"
Falling back to sources for "pwm" (failed to fetch prebuilt binary: got 404 status code when accessed https://github.com/mongoose-os-libs/pwm/releases/download/2.3/libpwm-esp32.a)
Prepared local dir: "/home/shivesh/Desktop/mansaa/area51/lib_mos/deps/pwm"
Handling lib "mongoose"...
The --lib flag was not given for it, checking repository
Repository "/home/shivesh/Desktop/mansaa/area51/lib_mos/deps/mongoose" does not exist, cloning...

Hash is updated: "" -> "6b4beef4aace6e05fa3786fc4d9b96a002cefd5e"
Falling back to sources for "wifi" (failed to fetch prebuilt binary: got 404 status code when accessed https://github.com/mongoose-os-libs/wifi/releases/download/2.3/libwifi-esp32.a)
Prepared local dir: "/home/shivesh/Desktop/mansaa/area51/lib_mos/deps/wifi"
Hash is updated: "" -> "f5acd5efa35081803a12b23e772715daa53ce58d"
Hash is updated: "" -> "22166e042a608c6a79d44af36d65d2e71cbe0790"
Falling back to sources for "bt-common" (failed to fetch prebuilt binary: got 404 status code when accessed https://github.com/mongoose-os-libs/bt-common/releases/download/2.3/libbt-common-esp32.a)
Prepared local dir: "/home/shivesh/Desktop/mansaa/area51/lib_mos/deps/bt-common"
Successfully fetched prebuilt binary for "mongoose" to "/home/shivesh/Desktop/mansaa/area51/lib_mos/deps/mongoose/lib/esp32/libmongoose.a"
Prepared local dir: "/home/shivesh/Desktop/mansaa/area51/lib_mos/deps/mongoose"
The flag --repo is not given, going to use mongoose-os repository
Repository "/home/shivesh/Desktop/mansaa/area51/lib_mos/deps/mongoose-os" does not exist, cloning...

Sources: [/home/shivesh/Desktop/mansaa/area51/lib_mos/src/lib_mos.c]
Include dirs: [/home/shivesh/Desktop/mansaa/area51/lib_mos/deps/mongoose/include /home/shivesh/Desktop/mansaa/area51/lib_mos/deps/bt-common/include /home/shivesh/Desktop/mansaa/area51/lib_mos/deps/bt-common/include/esp32 /home/shivesh/Desktop/mansaa/area51/lib_mos/deps/pwm/include /home/shivesh/Desktop/mansaa/area51/lib_mos/deps/wifi/include /home/shivesh/Desktop/mansaa/area51/lib_mos/deps/wifi/esp32/include]
Binary libs: []
Building...
mount from "/home/shivesh/Desktop/mansaa/area51/lib_mos" to "/app"
mount from "/home/shivesh/Desktop/mansaa/area51/lib_mos/deps/mongoose-os" to "/mongoose-os"
mount from "/home/shivesh/Desktop/mansaa/area51/lib_mos/deps/mongoose-os" to "/home/shivesh/Desktop/mansaa/area51/lib_mos/deps/mongoose-os"
mount from "/home/shivesh/Desktop/mansaa/area51/lib_mos/build" to "/home/shivesh/Desktop/mansaa/area51/lib_mos/build"
mount from "/home/shivesh/Desktop/mansaa/area51/lib_mos/src" to "/home/shivesh/Desktop/mansaa/area51/lib_mos/src"
mount from "/home/shivesh/Desktop/mansaa/area51/lib_mos/deps/mongoose/include" to "/home/shivesh/Desktop/mansaa/area51/lib_mos/deps/mongoose/include"
mount from "/home/shivesh/Desktop/mansaa/area51/lib_mos/deps/bt-common/include" to "/home/shivesh/Desktop/mansaa/area51/lib_mos/deps/bt-common/include"
mount from "/home/shivesh/Desktop/mansaa/area51/lib_mos/deps/bt-common/include/esp32" to "/home/shivesh/Desktop/mansaa/area51/lib_mos/deps/bt-common/include/esp32"
mount from "/home/shivesh/Desktop/mansaa/area51/lib_mos/deps/pwm/include" to "/home/shivesh/Desktop/mansaa/area51/lib_mos/deps/pwm/include"
mount from "/home/shivesh/Desktop/mansaa/area51/lib_mos/deps/wifi/include" to "/home/shivesh/Desktop/mansaa/area51/lib_mos/deps/wifi/include"
mount from "/home/shivesh/Desktop/mansaa/area51/lib_mos/deps/wifi/esp32/include" to "/home/shivesh/Desktop/mansaa/area51/lib_mos/deps/wifi/esp32/include"
mount from "/home/shivesh/Desktop/mansaa/area51/lib_mos/build/gen" to "/home/shivesh/Desktop/mansaa/area51/lib_mos/build/gen"
Docker arguments: run --name mos_build_2018-07-15T12-19-20-00_2087180044 --rm -i -v /home/shivesh/Desktop/mansaa/area51/lib_mos:/app -v /home/shivesh/Desktop/mansaa/area51/lib_mos/deps/bt-common/include/esp32:/home/shivesh/Desktop/mansaa/area51/lib_mos/deps/bt-common/include/esp32 -v /home/shivesh/Desktop/mansaa/area51/lib_mos/deps/pwm/include:/home/shivesh/Desktop/mansaa/area51/lib_mos/deps/pwm/include -v /home/shivesh/Desktop/mansaa/area51/lib_mos/deps/wifi/esp32/include:/home/shivesh/Desktop/mansaa/area51/lib_mos/deps/wifi/esp32/include -v /home/shivesh/Desktop/mansaa/area51/lib_mos/deps/mongoose-os:/mongoose-os -v /home/shivesh/Desktop/mansaa/area51/lib_mos/deps/mongoose-os:/home/shivesh/Desktop/mansaa/area51/lib_mos/deps/mongoose-os -v /home/shivesh/Desktop/mansaa/area51/lib_mos/build:/home/shivesh/Desktop/mansaa/area51/lib_mos/build -v /home/shivesh/Desktop/mansaa/area51/lib_mos/src:/home/shivesh/Desktop/mansaa/area51/lib_mos/src -v /home/shivesh/Desktop/mansaa/area51/lib_mos/deps/mongoose/include:/home/shivesh/Desktop/mansaa/area51/lib_mos/deps/mongoose/include -v /home/shivesh/Desktop/mansaa/area51/lib_mos/deps/bt-common/include:/home/shivesh/Desktop/mansaa/area51/lib_mos/deps/bt-common/include -v /home/shivesh/Desktop/mansaa/area51/lib_mos/deps/wifi/include:/home/shivesh/Desktop/mansaa/area51/lib_mos/deps/wifi/include -v /home/shivesh/Desktop/mansaa/area51/lib_mos/build/gen:/home/shivesh/Desktop/mansaa/area51/lib_mos/build/gen --user 0:0 docker.io/mgos/esp32-build:3.0-rc1-r9 /bin/bash -c nice make '-j' '4' '-C' '/app' '-f' '/mongoose-os/fw/platforms/esp32/Makefile.build' '/home/shivesh/Desktop/mansaa/area51/lib_mos/build/objs/moslib/libmoslib.a' 'APP=lib_mos' 'APP_BIN_LIBS=' 'APP_CFLAGS=-DMGOS_HAVE_BT_COMMON=1 -DMGOS_HAVE_MONGOOSE=1 -DMGOS_HAVE_PWM=1 -DMGOS_HAVE_WIFI=1 -DMGOS_WIFI_ENABLE_AP_STA=1 -DMG_ENABLE_DNS=1 -DMG_ENABLE_DNS_SERVER=1 -DMG_ENABLE_MQTT=1 -DMG_ENABLE_SNTP=1' 'APP_CONF_SCHEMA=/home/shivesh/Desktop/mansaa/area51/lib_mos/build/gen/mos_conf_schema.yml' 'APP_CXXFLAGS=-DMGOS_HAVE_BT_COMMON=1 -DMGOS_HAVE_MONGOOSE=1 -DMGOS_HAVE_PWM=1 -DMGOS_HAVE_WIFI=1 -DMGOS_WIFI_ENABLE_AP_STA=1 -DMG_ENABLE_DNS=1 -DMG_ENABLE_DNS_SERVER=1 -DMG_ENABLE_MQTT=1 -DMG_ENABLE_SNTP=1' 'APP_FS_FILES=' 'APP_INCLUDES=/home/shivesh/Desktop/mansaa/area51/lib_mos/deps/mongoose/include /home/shivesh/Desktop/mansaa/area51/lib_mos/deps/bt-common/include /home/shivesh/Desktop/mansaa/area51/lib_mos/deps/bt-common/include/esp32 /home/shivesh/Desktop/mansaa/area51/lib_mos/deps/pwm/include /home/shivesh/Desktop/mansaa/area51/lib_mos/deps/wifi/include /home/shivesh/Desktop/mansaa/area51/lib_mos/deps/wifi/esp32/include' 'APP_SOURCES=/home/shivesh/Desktop/mansaa/area51/lib_mos/src/lib_mos.c' 'APP_VERSION=1.0' 'BUILD_DIR=/home/shivesh/Desktop/mansaa/area51/lib_mos/build/objs' 'ESP_IDF_EXTRA_COMPONENTS= bt' 'ESP_IDF_SDKCONFIG_OPTS= CONFIG_BT_ENABLED=y CONFIG_BLUEDROID_ENABLED=y CONFIG_BTC_TASK_STACK_SIZE=6144 CONFIG_BLUEDROID_MEM_DEBUG= CONFIG_CLASSIC_BT_ENABLED= CONFIG_BT_DRAM_RELEASE=y CONFIG_GATTS_ENABLE=y CONFIG_GATTC_ENABLE=y CONFIG_BLE_SMP_ENABLE=y CONFIG_BT_STACK_NO_LOG= CONFIG_BT_ACL_CONNECTIONS=4 CONFIG_BTDM_CONTROLLER_RUN_CPU=0 CONFIG_SMP_ENABLE=y CONFIG_BT_RESERVE_DRAM=0x10000 ' 'FFI_SYMBOLS=' 'FS_STAGING_DIR=/home/shivesh/Desktop/mansaa/area51/lib_mos/build/fs' 'FW_DIR=/home/shivesh/Desktop/mansaa/area51/lib_mos/build/fw' 'GEN_DIR=/home/shivesh/Desktop/mansaa/area51/lib_mos/build/gen' 'MANIFEST_FINAL=/home/shivesh/Desktop/mansaa/area51/lib_mos/build/gen/mos_final.yml' 'MGOS_HAVE_BT_COMMON=1' 'MGOS_HAVE_MONGOOSE=1' 'MGOS_HAVE_PWM=1' 'MGOS_HAVE_WIFI=1' 'MGOS_PATH=/mongoose-os' 'MGOS_WIFI_ENABLE_AP_STA=1' 'PLATFORM=esp32' 'MGOS_MAIN_COMPONENT=moslib'
make: Entering directory '/app'
/mongoose-os/fw/platforms/esp32/Makefile.build:179: warning: overriding recipe for target 'defconfig'
/opt/Espressif/esp-idf/make/project_config.mk:75: warning: ignoring old recipe for target 'defconfig'
/mongoose-os/fw/platforms/esp32/Makefile.build:179: warning: overriding recipe for target 'menuconfig'
/opt/Espressif/esp-idf/make/project_config.mk:62: warning: ignoring old recipe for target 'menuconfig'
GENCONFIG
#
# configuration written to /home/shivesh/Desktop/mansaa/area51/lib_mos/build/gen/sdkconfig
#
make[1]: Entering directory '/home/shivesh/Desktop/mansaa/area51/lib_mos/build/objs/cs_mbedtls'
make[1]: Entering directory '/home/shivesh/Desktop/mansaa/area51/lib_mos/build/objs/spiffs'
make[1]: Entering directory '/home/shivesh/Desktop/mansaa/area51/lib_mos/build/objs/cryptoauthlib'
make[1]: Leaving directory '/home/shivesh/Desktop/mansaa/area51/lib_mos/build/objs/cs_mbedtls'
make[1]: Leaving directory '/home/shivesh/Desktop/mansaa/area51/lib_mos/build/objs/spiffs'
make[1]: Leaving directory '/home/shivesh/Desktop/mansaa/area51/lib_mos/build/objs/cryptoauthlib'
make[1]: Entering directory '/home/shivesh/Desktop/mansaa/area51/lib_mos/build/objs/xtensa-debug-module'
make[1]: Entering directory '/home/shivesh/Desktop/mansaa/area51/lib_mos/build/objs/moslib'
make[1]: Entering directory '/home/shivesh/Desktop/mansaa/area51/lib_mos/build/objs/wpa_supplicant'
make[1]: Leaving directory '/home/shivesh/Desktop/mansaa/area51/lib_mos/build/objs/moslib'
make[1]: Leaving directory '/home/shivesh/Desktop/mansaa/area51/lib_mos/build/objs/wpa_supplicant'
make[1]: Leaving directory '/home/shivesh/Desktop/mansaa/area51/lib_mos/build/objs/xtensa-debug-module'
make[1]: Entering directory '/home/shivesh/Desktop/mansaa/area51/lib_mos/build/objs/tcpip_adapter'
make[1]: Entering directory '/home/shivesh/Desktop/mansaa/area51/lib_mos/build/objs/bt'
make[1]: Entering directory '/home/shivesh/Desktop/mansaa/area51/lib_mos/build/objs/spi_flash'
make[1]: Entering directory '/home/shivesh/Desktop/mansaa/area51/lib_mos/build/objs/vfs'
make[1]: Leaving directory '/home/shivesh/Desktop/mansaa/area51/lib_mos/build/objs/bt'
make[1]: Leaving directory '/home/shivesh/Desktop/mansaa/area51/lib_mos/build/objs/tcpip_adapter'
make[1]: Leaving directory '/home/shivesh/Desktop/mansaa/area51/lib_mos/build/objs/spi_flash'
make[1]: Leaving directory '/home/shivesh/Desktop/mansaa/area51/lib_mos/build/objs/vfs'
make[1]: Entering directory '/home/shivesh/Desktop/mansaa/area51/lib_mos/build/objs/partition_table'
make[1]: Entering directory '/home/shivesh/Desktop/mansaa/area51/lib_mos/build/objs/pthread'
make[1]: Leaving directory '/home/shivesh/Desktop/mansaa/area51/lib_mos/build/objs/partition_table'
make[1]: Entering directory '/home/shivesh/Desktop/mansaa/area51/lib_mos/build/objs/soc'
make[1]: Entering directory '/home/shivesh/Desktop/mansaa/area51/lib_mos/build/objs/nvs_flash'
make[1]: Entering directory '/home/shivesh/Desktop/mansaa/area51/lib_mos/build/objs/newlib'
make[1]: Leaving directory '/home/shivesh/Desktop/mansaa/area51/lib_mos/build/objs/soc'
make[1]: Entering directory '/home/shivesh/Desktop/mansaa/area51/lib_mos/build/objs/micro-ecc'
make[1]: Leaving directory '/home/shivesh/Desktop/mansaa/area51/lib_mos/build/objs/nvs_flash'
make[1]: Leaving directory '/home/shivesh/Desktop/mansaa/area51/lib_mos/build/objs/pthread'
make[1]: Leaving directory '/home/shivesh/Desktop/mansaa/area51/lib_mos/build/objs/newlib'
make[1]: Entering directory '/home/shivesh/Desktop/mansaa/area51/lib_mos/build/objs/log'
make[1]: Entering directory '/home/shivesh/Desktop/mansaa/area51/lib_mos/build/objs/heap'
make[1]: Leaving directory '/home/shivesh/Desktop/mansaa/area51/lib_mos/build/objs/micro-ecc'
make[1]: Entering directory '/home/shivesh/Desktop/mansaa/area51/lib_mos/build/objs/lwip'
make[1]: Leaving directory '/home/shivesh/Desktop/mansaa/area51/lib_mos/build/objs/log'
make[1]: Entering directory '/home/shivesh/Desktop/mansaa/area51/lib_mos/build/objs/freertos'
make[1]: Entering directory '/home/shivesh/Desktop/mansaa/area51/lib_mos/build/objs/expat'
make[1]: Leaving directory '/home/shivesh/Desktop/mansaa/area51/lib_mos/build/objs/heap'
make[1]: Leaving directory '/home/shivesh/Desktop/mansaa/area51/lib_mos/build/objs/freertos'
make[1]: Leaving directory '/home/shivesh/Desktop/mansaa/area51/lib_mos/build/objs/lwip'
make[1]: Leaving directory '/home/shivesh/Desktop/mansaa/area51/lib_mos/build/objs/expat'
make[1]: Entering directory '/home/shivesh/Desktop/mansaa/area51/lib_mos/build/objs/esptool_py'
make[1]: Entering directory '/home/shivesh/Desktop/mansaa/area51/lib_mos/build/objs/ethernet'
make[1]: Entering directory '/home/shivesh/Desktop/mansaa/area51/lib_mos/build/objs/esp_adc_cal'
make[1]: Leaving directory '/home/shivesh/Desktop/mansaa/area51/lib_mos/build/objs/esptool_py'
make[1]: Entering directory '/home/shivesh/Desktop/mansaa/area51/lib_mos/build/objs/esp32'
make[1]: Entering directory '/home/shivesh/Desktop/mansaa/area51/lib_mos/build/objs/driver'
make[1]: Leaving directory '/home/shivesh/Desktop/mansaa/area51/lib_mos/build/objs/esp_adc_cal'
make[1]: Leaving directory '/home/shivesh/Desktop/mansaa/area51/lib_mos/build/objs/driver'
make[1]: Leaving directory '/home/shivesh/Desktop/mansaa/area51/lib_mos/build/objs/esp32'
make[1]: Entering directory '/home/shivesh/Desktop/mansaa/area51/lib_mos/build/objs/cxx'
make[1]: Entering directory '/home/shivesh/Desktop/mansaa/area51/lib_mos/build/objs/bootloader'
make[1]: Leaving directory '/home/shivesh/Desktop/mansaa/area51/lib_mos/build/objs/ethernet'
make[1]: Leaving directory '/home/shivesh/Desktop/mansaa/area51/lib_mos/build/objs/bootloader'
make[1]: Entering directory '/home/shivesh/Desktop/mansaa/area51/lib_mos/build/objs/bootloader_support'
make[1]: Entering directory '/home/shivesh/Desktop/mansaa/area51/lib_mos/build/objs/app_update'
make[1]: Entering directory '/home/shivesh/Desktop/mansaa/area51/lib_mos/build/objs/app_trace'
make[1]: Leaving directory '/home/shivesh/Desktop/mansaa/area51/lib_mos/build/objs/cxx'
make[1]: Leaving directory '/home/shivesh/Desktop/mansaa/area51/lib_mos/build/objs/bootloader_support'
make[1]: Leaving directory '/home/shivesh/Desktop/mansaa/area51/lib_mos/build/objs/app_update'
make[1]: Leaving directory '/home/shivesh/Desktop/mansaa/area51/lib_mos/build/objs/app_trace'
make[1]: Entering directory '/home/shivesh/Desktop/mansaa/area51/lib_mos/build/objs/moslib'
  GEN   /home/shivesh/Desktop/mansaa/area51/lib_mos/build/gen/mgos_config.c
  GEN   /home/shivesh/Desktop/mansaa/area51/lib_mos/build/gen/mgos_ro_vars.c
CC lib_mos.o
AR /home/shivesh/Desktop/mansaa/area51/lib_mos/build/objs/moslib/libmoslib.a
make[1]: Leaving directory '/home/shivesh/Desktop/mansaa/area51/lib_mos/build/objs/moslib'
make: Leaving directory '/app'
Lib saved to build/lib.a
